<?xml version="1.0" encoding="UTF-8"?>
<!-- Generated by org.testng.reporters.JUnitReportReporter -->
<testsuite hostname="PMJ" failures="0" tests="1" name="Project1.Scenario5" time="45.389" errors="0" timestamp="22 Dec 2022 11:52:50 GMT" skipped="0">
  <testcase classname="Project1.Scenario5" name="ValidateLogin" time="45.389"/>
</testsuite> <!-- Project1.Scenario5 -->
