<?xml version="1.0" encoding="UTF-8"?>
<!-- Generated by org.testng.reporters.JUnitReportReporter -->
<testsuite hostname="PMJ" failures="0" tests="1" name="Project1.Scenario3" time="61.976" errors="0" timestamp="22 Dec 2022 11:50:18 GMT" skipped="0">
  <testcase classname="Project1.Scenario3" name="Validation" time="61.976"/>
</testsuite> <!-- Project1.Scenario3 -->
