<?xml version="1.0" encoding="UTF-8"?>
<!-- Generated by org.testng.reporters.JUnitReportReporter -->
<testsuite hostname="PMJ" failures="0" tests="1" name="Project1.Scenario1" time="27.472" errors="0" timestamp="22 Dec 2022 11:43:50 GMT" skipped="0">
  <testcase classname="Project1.Scenario1" name="ValidateLogin" time="27.472"/>
</testsuite> <!-- Project1.Scenario1 -->
