<?xml version="1.0" encoding="UTF-8"?>
<!-- Generated by org.testng.reporters.JUnitReportReporter -->
<testsuite hostname="PMJ" failures="0" tests="1" name="Project1.Scenario6" time="38.517" errors="0" timestamp="22 Dec 2022 11:53:36 GMT" skipped="0">
  <testcase classname="Project1.Scenario6" name="ValidateLogin" time="38.517"/>
</testsuite> <!-- Project1.Scenario6 -->
