<?xml version="1.0" encoding="UTF-8"?>
<!-- Generated by org.testng.reporters.JUnitReportReporter -->
<testsuite hostname="PMJ" failures="0" tests="1" name="Project1.Scenario2" time="58.077" errors="0" timestamp="22 Dec 2022 11:44:56 GMT" skipped="0">
  <testcase classname="Project1.Scenario2" name="Validation" time="58.077"/>
</testsuite> <!-- Project1.Scenario2 -->
