<?xml version="1.0" encoding="UTF-8"?>
<!-- Generated by org.testng.reporters.JUnitReportReporter -->
<testsuite hostname="PMJ" failures="0" tests="1" name="Project1.Scenario2" time="53.388" errors="0" timestamp="21 Dec 2022 05:14:51 GMT" skipped="0">
  <testcase classname="Project1.Scenario2" name="Validation" time="53.388"/>
</testsuite> <!-- Project1.Scenario2 -->
