<?xml version="1.0" encoding="UTF-8"?>
<!-- Generated by org.testng.reporters.JUnitReportReporter -->
<testsuite hostname="PMJ" failures="0" tests="1" name="Project1.Scenario4" time="9.585" errors="0" timestamp="21 Dec 2022 05:14:51 GMT" skipped="0">
  <testcase classname="Project1.Scenario4" name="Validation" time="9.585"/>
</testsuite> <!-- Project1.Scenario4 -->
