<?xml version="1.0" encoding="UTF-8"?>
<!-- Generated by org.testng.reporters.JUnitReportReporter -->
<testsuite hostname="PMJ" failures="0" tests="1" name="Project1.Scenario6" time="16.938" errors="0" timestamp="21 Dec 2022 05:14:51 GMT" skipped="0">
  <testcase classname="Project1.Scenario6" name="ValidateLogin" time="16.938"/>
</testsuite> <!-- Project1.Scenario6 -->
